<?xml version="1.0" encoding="UTF-8"?>
<!-- Generated by org.testng.reporters.JUnitReportReporter -->
<testsuite skipped="1" hostname="AmazonRR" name="com.linktestapp.tests.HomePageTest" tests="2" failures="0" timestamp="2021-06-21T19:43:42 IST" time="464.887" errors="0">
  <testcase name="testAllLinks" time="464.887" classname="com.linktestapp.tests.HomePageTest"/>
  <system-out/>
  <testcase name="moveToFeatures" classname="com.linktestapp.tests.HomePageTest">
    <skipped/>
  </testcase> <!-- moveToFeatures -->
  <system-out/>
</testsuite> <!-- com.linktestapp.tests.HomePageTest -->
